C:\USERS\ADY\DOCUMENTS\VISUAL STUDIO 2012\PROJECTS\OVI\OVI\DEBUG\VC110.PDB
C:\USERS\ADY\DOCUMENTS\VISUAL STUDIO 2012\PROJECTS\OVI\OVI\DEBUG\MAIN.OBJ
C:\USERS\ADY\DOCUMENTS\VISUAL STUDIO 2012\PROJECTS\OVI\DEBUG\OVI.ILK
C:\USERS\ADY\DOCUMENTS\VISUAL STUDIO 2012\PROJECTS\OVI\DEBUG\OVI.EXE
C:\USERS\ADY\DOCUMENTS\VISUAL STUDIO 2012\PROJECTS\OVI\DEBUG\OVI.PDB
C:\Users\Ady\Documents\Visual Studio 2012\Projects\ovi\ovi\Debug\main.obj
C:\Users\Ady\Documents\Visual Studio 2012\Projects\ovi\ovi\Debug\cl.command.1.tlog
C:\Users\Ady\Documents\Visual Studio 2012\Projects\ovi\ovi\Debug\CL.read.1.tlog
C:\Users\Ady\Documents\Visual Studio 2012\Projects\ovi\ovi\Debug\CL.write.1.tlog
C:\Users\Ady\Documents\Visual Studio 2012\Projects\ovi\ovi\Debug\link-cvtres.read.1.tlog
C:\Users\Ady\Documents\Visual Studio 2012\Projects\ovi\ovi\Debug\link-cvtres.write.1.tlog
C:\Users\Ady\Documents\Visual Studio 2012\Projects\ovi\ovi\Debug\link-rc.read.1.tlog
C:\Users\Ady\Documents\Visual Studio 2012\Projects\ovi\ovi\Debug\link-rc.write.1.tlog
C:\Users\Ady\Documents\Visual Studio 2012\Projects\ovi\ovi\Debug\link.6232-cvtres.read.1.tlog
C:\Users\Ady\Documents\Visual Studio 2012\Projects\ovi\ovi\Debug\link.6232-cvtres.write.1.tlog
C:\Users\Ady\Documents\Visual Studio 2012\Projects\ovi\ovi\Debug\link.6232-rc.read.1.tlog
C:\Users\Ady\Documents\Visual Studio 2012\Projects\ovi\ovi\Debug\link.6232-rc.write.1.tlog
C:\Users\Ady\Documents\Visual Studio 2012\Projects\ovi\ovi\Debug\link.6232.read.1.tlog
C:\Users\Ady\Documents\Visual Studio 2012\Projects\ovi\ovi\Debug\link.6232.write.1.tlog
C:\Users\Ady\Documents\Visual Studio 2012\Projects\ovi\ovi\Debug\link.6648-cvtres.read.1.tlog
C:\Users\Ady\Documents\Visual Studio 2012\Projects\ovi\ovi\Debug\link.6648-cvtres.write.1.tlog
C:\Users\Ady\Documents\Visual Studio 2012\Projects\ovi\ovi\Debug\link.6648-rc.read.1.tlog
C:\Users\Ady\Documents\Visual Studio 2012\Projects\ovi\ovi\Debug\link.6648-rc.write.1.tlog
C:\Users\Ady\Documents\Visual Studio 2012\Projects\ovi\ovi\Debug\link.6648.read.1.tlog
C:\Users\Ady\Documents\Visual Studio 2012\Projects\ovi\ovi\Debug\link.6648.write.1.tlog
C:\Users\Ady\Documents\Visual Studio 2012\Projects\ovi\ovi\Debug\link.8040-cvtres.read.1.tlog
C:\Users\Ady\Documents\Visual Studio 2012\Projects\ovi\ovi\Debug\link.8040-cvtres.write.1.tlog
C:\Users\Ady\Documents\Visual Studio 2012\Projects\ovi\ovi\Debug\link.8040-rc.read.1.tlog
C:\Users\Ady\Documents\Visual Studio 2012\Projects\ovi\ovi\Debug\link.8040-rc.write.1.tlog
C:\Users\Ady\Documents\Visual Studio 2012\Projects\ovi\ovi\Debug\link.8040.read.1.tlog
C:\Users\Ady\Documents\Visual Studio 2012\Projects\ovi\ovi\Debug\link.8040.write.1.tlog
C:\Users\Ady\Documents\Visual Studio 2012\Projects\ovi\ovi\Debug\link.8408-cvtres.read.1.tlog
C:\Users\Ady\Documents\Visual Studio 2012\Projects\ovi\ovi\Debug\link.8408-cvtres.write.1.tlog
C:\Users\Ady\Documents\Visual Studio 2012\Projects\ovi\ovi\Debug\link.8408-rc.read.1.tlog
C:\Users\Ady\Documents\Visual Studio 2012\Projects\ovi\ovi\Debug\link.8408-rc.write.1.tlog
C:\Users\Ady\Documents\Visual Studio 2012\Projects\ovi\ovi\Debug\link.8408.read.1.tlog
C:\Users\Ady\Documents\Visual Studio 2012\Projects\ovi\ovi\Debug\link.8408.write.1.tlog
C:\Users\Ady\Documents\Visual Studio 2012\Projects\ovi\ovi\Debug\link.command.1.tlog
C:\Users\Ady\Documents\Visual Studio 2012\Projects\ovi\ovi\Debug\link.read.1.tlog
C:\Users\Ady\Documents\Visual Studio 2012\Projects\ovi\ovi\Debug\link.write.1.tlog
C:\Users\Ady\Documents\Visual Studio 2012\Projects\ovi\ovi\Debug\vc110.idb
C:\Users\Ady\Documents\Visual Studio 2012\Projects\ovi\ovi\Debug\vc110.pdb
C:\Users\Ady\Documents\Visual Studio 2012\Projects\ovi\Debug\ovi.pdb
C:\Users\Ady\Documents\Visual Studio 2012\Projects\ovi\Debug\ovi.exe
C:\Users\Ady\Documents\Visual Studio 2012\Projects\ovi\Debug\ovi.ilk
